<?xml version="1.0" encoding="utf-8"?><testsuites name="pytest tests"><testsuite name="pytest" errors="0" failures="0" skipped="0" tests="5" time="46.263" timestamp="2026-03-28T08:23:18.902369+07:00" hostname="Nikku"><testcase classname="tests.spectraagent.test_config" name="test_start_simulate_no_browser_serves_health" time="4.714" /><testcase classname="tests.spectraagent.test_config" name="test_start_simulate_persists_session_with_nonzero_frames" time="6.535" /><testcase classname="tests.spectraagent.test_config" name="test_start_simulate_event_log_grows_during_active_acquisition" time="7.017" /><testcase classname="tests.spectraagent.test_config" name="test_start_simulate_soak_acquisition_consistency" time="9.524" /><testcase classname="tests.spectraagent.test_config" name="test_start_simulate_repeated_start_stop_cycles_persist_clean_sessions" time="11.960" /></testsuite></testsuites>