<?xml version="1.0" encoding="utf-8"?><testsuites name="pytest tests"><testsuite name="pytest" errors="0" failures="0" skipped="0" tests="5" time="35.383" timestamp="2026-03-27T21:05:09.516153+07:00" hostname="Nikku"><testcase classname="tests.spectraagent.test_config" name="test_start_simulate_no_browser_serves_health" time="5.658" /><testcase classname="tests.spectraagent.test_config" name="test_start_simulate_persists_session_with_nonzero_frames" time="5.979" /><testcase classname="tests.spectraagent.test_config" name="test_start_simulate_event_log_grows_during_active_acquisition" time="6.340" /><testcase classname="tests.spectraagent.test_config" name="test_start_simulate_soak_acquisition_consistency" time="7.277" /><testcase classname="tests.spectraagent.test_config" name="test_start_simulate_repeated_start_stop_cycles_persist_clean_sessions" time="9.709" /></testsuite></testsuites>